Build output check failed:
    Regex: 'argument .* is not valid'
    Output line: 'cc1: warning: ‘-Werror=’ argument ‘-Werror=non-virtual-dtor’ is not valid for C'
Compilation failed:
    source file: '/home/praveen/PycharmProjects/project/camera/cmake-build-debug/CMakeFiles/CMakeTmp/src.c'
    check option: ' -fsigned-char -W -Wall -Werror=return-type  -Werror=non-virtual-dtor'
===== BUILD LOG =====
Change Dir: /home/praveen/PycharmProjects/project/camera/cmake-build-debug/CMakeFiles/CMakeTmp

Run Build Command(s):/usr/bin/gmake cmTC_7bd5b/fast && /usr/bin/gmake  -f CMakeFiles/cmTC_7bd5b.dir/build.make CMakeFiles/cmTC_7bd5b.dir/build
gmake[1]: Entering directory '/home/praveen/PycharmProjects/project/camera/cmake-build-debug/CMakeFiles/CMakeTmp'
Building C object CMakeFiles/cmTC_7bd5b.dir/src.c.o
/usr/bin/cc   -g -fPIE    -fsigned-char -W -Wall -Werror=return-type  -Werror=non-virtual-dtor -o CMakeFiles/cmTC_7bd5b.dir/src.c.o   -c /home/praveen/PycharmProjects/project/camera/cmake-build-debug/CMakeFiles/CMakeTmp/src.c
cc1: warning: ‘-Werror=’ argument ‘-Werror=non-virtual-dtor’ is not valid for C
/home/praveen/PycharmProjects/project/camera/cmake-build-debug/CMakeFiles/CMakeTmp/src.c:1: warning: ignoring ‘#pragma  ’ [-Wunknown-pragmas]
    1 | #pragma
      | 
Linking C executable cmTC_7bd5b
/snap/clion/138/bin/cmake/linux/bin/cmake -E cmake_link_script CMakeFiles/cmTC_7bd5b.dir/link.txt --verbose=1
/usr/bin/cc   -g    CMakeFiles/cmTC_7bd5b.dir/src.c.o  -o cmTC_7bd5b 
gmake[1]: Leaving directory '/home/praveen/PycharmProjects/project/camera/cmake-build-debug/CMakeFiles/CMakeTmp'


===== END =====

Build output check failed:
    Regex: 'command[- ]line option .* is valid for .* but not for C\+\+'
    Output line: 'cc1plus: warning: command-line option ‘-Wmissing-prototypes’ is valid for C/ObjC but not for C++'
Compilation failed:
    source file: '/home/praveen/PycharmProjects/project/camera/cmake-build-debug/CMakeFiles/CMakeTmp/src.cxx'
    check option: ' -fsigned-char -W -Wall -Werror=return-type -Werror=non-virtual-dtor -Werror=address -Werror=sequence-point -Wformat -Werror=format-security -Wmissing-declarations  -Wmissing-prototypes'
===== BUILD LOG =====
Change Dir: /home/praveen/PycharmProjects/project/camera/cmake-build-debug/CMakeFiles/CMakeTmp

Run Build Command(s):/usr/bin/gmake cmTC_f7ff1/fast && /usr/bin/gmake  -f CMakeFiles/cmTC_f7ff1.dir/build.make CMakeFiles/cmTC_f7ff1.dir/build
gmake[1]: Entering directory '/home/praveen/PycharmProjects/project/camera/cmake-build-debug/CMakeFiles/CMakeTmp'
Building CXX object CMakeFiles/cmTC_f7ff1.dir/src.cxx.o
/usr/bin/c++    -g -fPIE    -fsigned-char -W -Wall -Werror=return-type -Werror=non-virtual-dtor -Werror=address -Werror=sequence-point -Wformat -Werror=format-security -Wmissing-declarations  -Wmissing-prototypes -std=c++14 -o CMakeFiles/cmTC_f7ff1.dir/src.cxx.o -c /home/praveen/PycharmProjects/project/camera/cmake-build-debug/CMakeFiles/CMakeTmp/src.cxx
cc1plus: warning: command-line option ‘-Wmissing-prototypes’ is valid for C/ObjC but not for C++
/home/praveen/PycharmProjects/project/camera/cmake-build-debug/CMakeFiles/CMakeTmp/src.cxx:1: warning: ignoring ‘#pragma  ’ [-Wunknown-pragmas]
    1 | #pragma
      | 
Linking CXX executable cmTC_f7ff1
/snap/clion/138/bin/cmake/linux/bin/cmake -E cmake_link_script CMakeFiles/cmTC_f7ff1.dir/link.txt --verbose=1
/usr/bin/c++    -g    CMakeFiles/cmTC_f7ff1.dir/src.cxx.o  -o cmTC_f7ff1 
gmake[1]: Leaving directory '/home/praveen/PycharmProjects/project/camera/cmake-build-debug/CMakeFiles/CMakeTmp'


===== END =====

Build output check failed:
    Regex: 'command[- ]line option .* is valid for .* but not for C\+\+'
    Output line: 'cc1plus: warning: command-line option ‘-Wstrict-prototypes’ is valid for C/ObjC but not for C++'
Compilation failed:
    source file: '/home/praveen/PycharmProjects/project/camera/cmake-build-debug/CMakeFiles/CMakeTmp/src.cxx'
    check option: ' -fsigned-char -W -Wall -Werror=return-type -Werror=non-virtual-dtor -Werror=address -Werror=sequence-point -Wformat -Werror=format-security -Wmissing-declarations  -Wstrict-prototypes'
===== BUILD LOG =====
Change Dir: /home/praveen/PycharmProjects/project/camera/cmake-build-debug/CMakeFiles/CMakeTmp

Run Build Command(s):/usr/bin/gmake cmTC_25fa0/fast && /usr/bin/gmake  -f CMakeFiles/cmTC_25fa0.dir/build.make CMakeFiles/cmTC_25fa0.dir/build
gmake[1]: Entering directory '/home/praveen/PycharmProjects/project/camera/cmake-build-debug/CMakeFiles/CMakeTmp'
Building CXX object CMakeFiles/cmTC_25fa0.dir/src.cxx.o
/usr/bin/c++    -g -fPIE    -fsigned-char -W -Wall -Werror=return-type -Werror=non-virtual-dtor -Werror=address -Werror=sequence-point -Wformat -Werror=format-security -Wmissing-declarations  -Wstrict-prototypes -std=c++14 -o CMakeFiles/cmTC_25fa0.dir/src.cxx.o -c /home/praveen/PycharmProjects/project/camera/cmake-build-debug/CMakeFiles/CMakeTmp/src.cxx
cc1plus: warning: command-line option ‘-Wstrict-prototypes’ is valid for C/ObjC but not for C++
/home/praveen/PycharmProjects/project/camera/cmake-build-debug/CMakeFiles/CMakeTmp/src.cxx:1: warning: ignoring ‘#pragma  ’ [-Wunknown-pragmas]
    1 | #pragma
      | 
Linking CXX executable cmTC_25fa0
/snap/clion/138/bin/cmake/linux/bin/cmake -E cmake_link_script CMakeFiles/cmTC_25fa0.dir/link.txt --verbose=1
/usr/bin/c++    -g    CMakeFiles/cmTC_25fa0.dir/src.cxx.o  -o cmTC_25fa0 
gmake[1]: Leaving directory '/home/praveen/PycharmProjects/project/camera/cmake-build-debug/CMakeFiles/CMakeTmp'


===== END =====

Build output check failed:
    Regex: 'command[- ]line option .* is valid for .* but not for C'
    Output line: 'cc1: warning: command-line option ‘-Wsign-promo’ is valid for C++/ObjC++ but not for C'
Compilation failed:
    source file: '/home/praveen/PycharmProjects/project/camera/cmake-build-debug/CMakeFiles/CMakeTmp/src.c'
    check option: ' -fsigned-char -W -Wall -Werror=return-type -Werror=address -Werror=sequence-point -Wformat -Werror=format-security -Wmissing-declarations -Wmissing-prototypes -Wstrict-prototypes -Wundef -Winit-self -Wpointer-arith -Wshadow  -Wsign-promo'
===== BUILD LOG =====
Change Dir: /home/praveen/PycharmProjects/project/camera/cmake-build-debug/CMakeFiles/CMakeTmp

Run Build Command(s):/usr/bin/gmake cmTC_9b0fc/fast && /usr/bin/gmake  -f CMakeFiles/cmTC_9b0fc.dir/build.make CMakeFiles/cmTC_9b0fc.dir/build
gmake[1]: Entering directory '/home/praveen/PycharmProjects/project/camera/cmake-build-debug/CMakeFiles/CMakeTmp'
Building C object CMakeFiles/cmTC_9b0fc.dir/src.c.o
/usr/bin/cc   -g -fPIE    -fsigned-char -W -Wall -Werror=return-type -Werror=address -Werror=sequence-point -Wformat -Werror=format-security -Wmissing-declarations -Wmissing-prototypes -Wstrict-prototypes -Wundef -Winit-self -Wpointer-arith -Wshadow  -Wsign-promo -o CMakeFiles/cmTC_9b0fc.dir/src.c.o   -c /home/praveen/PycharmProjects/project/camera/cmake-build-debug/CMakeFiles/CMakeTmp/src.c
cc1: warning: command-line option ‘-Wsign-promo’ is valid for C++/ObjC++ but not for C
/home/praveen/PycharmProjects/project/camera/cmake-build-debug/CMakeFiles/CMakeTmp/src.c:1: warning: ignoring ‘#pragma  ’ [-Wunknown-pragmas]
    1 | #pragma
      | 
Linking C executable cmTC_9b0fc
/snap/clion/138/bin/cmake/linux/bin/cmake -E cmake_link_script CMakeFiles/cmTC_9b0fc.dir/link.txt --verbose=1
/usr/bin/cc   -g    CMakeFiles/cmTC_9b0fc.dir/src.c.o  -o cmTC_9b0fc 
gmake[1]: Leaving directory '/home/praveen/PycharmProjects/project/camera/cmake-build-debug/CMakeFiles/CMakeTmp'


===== END =====

Build output check failed:
    Regex: 'command[- ]line option .* is valid for .* but not for C'
    Output line: 'cc1: warning: command-line option ‘-Wsuggest-override’ is valid for C++/ObjC++ but not for C'
Compilation failed:
    source file: '/home/praveen/PycharmProjects/project/camera/cmake-build-debug/CMakeFiles/CMakeTmp/src.c'
    check option: ' -fsigned-char -W -Wall -Werror=return-type -Werror=address -Werror=sequence-point -Wformat -Werror=format-security -Wmissing-declarations -Wmissing-prototypes -Wstrict-prototypes -Wundef -Winit-self -Wpointer-arith -Wshadow -Wuninitialized  -Wsuggest-override'
===== BUILD LOG =====
Change Dir: /home/praveen/PycharmProjects/project/camera/cmake-build-debug/CMakeFiles/CMakeTmp

Run Build Command(s):/usr/bin/gmake cmTC_21d2d/fast && /usr/bin/gmake  -f CMakeFiles/cmTC_21d2d.dir/build.make CMakeFiles/cmTC_21d2d.dir/build
gmake[1]: Entering directory '/home/praveen/PycharmProjects/project/camera/cmake-build-debug/CMakeFiles/CMakeTmp'
Building C object CMakeFiles/cmTC_21d2d.dir/src.c.o
/usr/bin/cc   -g -fPIE    -fsigned-char -W -Wall -Werror=return-type -Werror=address -Werror=sequence-point -Wformat -Werror=format-security -Wmissing-declarations -Wmissing-prototypes -Wstrict-prototypes -Wundef -Winit-self -Wpointer-arith -Wshadow -Wuninitialized  -Wsuggest-override -o CMakeFiles/cmTC_21d2d.dir/src.c.o   -c /home/praveen/PycharmProjects/project/camera/cmake-build-debug/CMakeFiles/CMakeTmp/src.c
cc1: warning: command-line option ‘-Wsuggest-override’ is valid for C++/ObjC++ but not for C
/home/praveen/PycharmProjects/project/camera/cmake-build-debug/CMakeFiles/CMakeTmp/src.c:1: warning: ignoring ‘#pragma  ’ [-Wunknown-pragmas]
    1 | #pragma
      | 
Linking C executable cmTC_21d2d
/snap/clion/138/bin/cmake/linux/bin/cmake -E cmake_link_script CMakeFiles/cmTC_21d2d.dir/link.txt --verbose=1
/usr/bin/cc   -g    CMakeFiles/cmTC_21d2d.dir/src.c.o  -o cmTC_21d2d 
gmake[1]: Leaving directory '/home/praveen/PycharmProjects/project/camera/cmake-build-debug/CMakeFiles/CMakeTmp'


===== END =====

Build output check failed:
    Regex: 'command[- ]line option .* is valid for .* but not for C'
    Output line: 'cc1: warning: command-line option ‘-Wno-delete-non-virtual-dtor’ is valid for C++/ObjC++ but not for C'
Compilation failed:
    source file: '/home/praveen/PycharmProjects/project/camera/cmake-build-debug/CMakeFiles/CMakeTmp/src.c'
    check option: ' -fsigned-char -W -Wall -Werror=return-type -Werror=address -Werror=sequence-point -Wformat -Werror=format-security -Wmissing-declarations -Wmissing-prototypes -Wstrict-prototypes -Wundef -Winit-self -Wpointer-arith -Wshadow -Wuninitialized  -Wno-delete-non-virtual-dtor'
===== BUILD LOG =====
Change Dir: /home/praveen/PycharmProjects/project/camera/cmake-build-debug/CMakeFiles/CMakeTmp

Run Build Command(s):/usr/bin/gmake cmTC_b38c0/fast && /usr/bin/gmake  -f CMakeFiles/cmTC_b38c0.dir/build.make CMakeFiles/cmTC_b38c0.dir/build
gmake[1]: Entering directory '/home/praveen/PycharmProjects/project/camera/cmake-build-debug/CMakeFiles/CMakeTmp'
Building C object CMakeFiles/cmTC_b38c0.dir/src.c.o
/usr/bin/cc   -g -fPIE    -fsigned-char -W -Wall -Werror=return-type -Werror=address -Werror=sequence-point -Wformat -Werror=format-security -Wmissing-declarations -Wmissing-prototypes -Wstrict-prototypes -Wundef -Winit-self -Wpointer-arith -Wshadow -Wuninitialized  -Wno-delete-non-virtual-dtor -o CMakeFiles/cmTC_b38c0.dir/src.c.o   -c /home/praveen/PycharmProjects/project/camera/cmake-build-debug/CMakeFiles/CMakeTmp/src.c
cc1: warning: command-line option ‘-Wno-delete-non-virtual-dtor’ is valid for C++/ObjC++ but not for C
/home/praveen/PycharmProjects/project/camera/cmake-build-debug/CMakeFiles/CMakeTmp/src.c:1: warning: ignoring ‘#pragma  ’ [-Wunknown-pragmas]
    1 | #pragma
      | 
Linking C executable cmTC_b38c0
/snap/clion/138/bin/cmake/linux/bin/cmake -E cmake_link_script CMakeFiles/cmTC_b38c0.dir/link.txt --verbose=1
/usr/bin/cc   -g    CMakeFiles/cmTC_b38c0.dir/src.c.o  -o cmTC_b38c0 
gmake[1]: Leaving directory '/home/praveen/PycharmProjects/project/camera/cmake-build-debug/CMakeFiles/CMakeTmp'


===== END =====

Build output check failed:
    Regex: 'unrecognized .*option'
    Output line: 'cc1plus: note: unrecognized command-line option ‘-Wno-unnamed-type-template-args’ may have been intended to silence earlier diagnostics'
Compilation failed:
    source file: '/home/praveen/PycharmProjects/project/camera/cmake-build-debug/CMakeFiles/CMakeTmp/src.cxx'
    check option: ' -fsigned-char -W -Wall -Werror=return-type -Werror=non-virtual-dtor -Werror=address -Werror=sequence-point -Wformat -Werror=format-security -Wmissing-declarations -Wundef -Winit-self -Wpointer-arith -Wshadow -Wsign-promo -Wuninitialized -Wsuggest-override -Wno-delete-non-virtual-dtor  -Wno-unnamed-type-template-args'
===== BUILD LOG =====
Change Dir: /home/praveen/PycharmProjects/project/camera/cmake-build-debug/CMakeFiles/CMakeTmp

Run Build Command(s):/usr/bin/gmake cmTC_91a8c/fast && /usr/bin/gmake  -f CMakeFiles/cmTC_91a8c.dir/build.make CMakeFiles/cmTC_91a8c.dir/build
gmake[1]: Entering directory '/home/praveen/PycharmProjects/project/camera/cmake-build-debug/CMakeFiles/CMakeTmp'
Building CXX object CMakeFiles/cmTC_91a8c.dir/src.cxx.o
/usr/bin/c++    -g -fPIE    -fsigned-char -W -Wall -Werror=return-type -Werror=non-virtual-dtor -Werror=address -Werror=sequence-point -Wformat -Werror=format-security -Wmissing-declarations -Wundef -Winit-self -Wpointer-arith -Wshadow -Wsign-promo -Wuninitialized -Wsuggest-override -Wno-delete-non-virtual-dtor  -Wno-unnamed-type-template-args -std=c++14 -o CMakeFiles/cmTC_91a8c.dir/src.cxx.o -c /home/praveen/PycharmProjects/project/camera/cmake-build-debug/CMakeFiles/CMakeTmp/src.cxx
/home/praveen/PycharmProjects/project/camera/cmake-build-debug/CMakeFiles/CMakeTmp/src.cxx:1: warning: ignoring ‘#pragma  ’ [-Wunknown-pragmas]
    1 | #pragma
      | 
cc1plus: note: unrecognized command-line option ‘-Wno-unnamed-type-template-args’ may have been intended to silence earlier diagnostics
Linking CXX executable cmTC_91a8c
/snap/clion/138/bin/cmake/linux/bin/cmake -E cmake_link_script CMakeFiles/cmTC_91a8c.dir/link.txt --verbose=1
/usr/bin/c++    -g    CMakeFiles/cmTC_91a8c.dir/src.cxx.o  -o cmTC_91a8c 
gmake[1]: Leaving directory '/home/praveen/PycharmProjects/project/camera/cmake-build-debug/CMakeFiles/CMakeTmp'


===== END =====

Build output check failed:
    Regex: 'unrecognized .*option'
    Output line: 'cc1: note: unrecognized command-line option ‘-Wno-unnamed-type-template-args’ may have been intended to silence earlier diagnostics'
Compilation failed:
    source file: '/home/praveen/PycharmProjects/project/camera/cmake-build-debug/CMakeFiles/CMakeTmp/src.c'
    check option: ' -fsigned-char -W -Wall -Werror=return-type -Werror=address -Werror=sequence-point -Wformat -Werror=format-security -Wmissing-declarations -Wmissing-prototypes -Wstrict-prototypes -Wundef -Winit-self -Wpointer-arith -Wshadow -Wuninitialized  -Wno-unnamed-type-template-args'
===== BUILD LOG =====
Change Dir: /home/praveen/PycharmProjects/project/camera/cmake-build-debug/CMakeFiles/CMakeTmp

Run Build Command(s):/usr/bin/gmake cmTC_b87ea/fast && /usr/bin/gmake  -f CMakeFiles/cmTC_b87ea.dir/build.make CMakeFiles/cmTC_b87ea.dir/build
gmake[1]: Entering directory '/home/praveen/PycharmProjects/project/camera/cmake-build-debug/CMakeFiles/CMakeTmp'
Building C object CMakeFiles/cmTC_b87ea.dir/src.c.o
/usr/bin/cc   -g -fPIE    -fsigned-char -W -Wall -Werror=return-type -Werror=address -Werror=sequence-point -Wformat -Werror=format-security -Wmissing-declarations -Wmissing-prototypes -Wstrict-prototypes -Wundef -Winit-self -Wpointer-arith -Wshadow -Wuninitialized  -Wno-unnamed-type-template-args -o CMakeFiles/cmTC_b87ea.dir/src.c.o   -c /home/praveen/PycharmProjects/project/camera/cmake-build-debug/CMakeFiles/CMakeTmp/src.c
/home/praveen/PycharmProjects/project/camera/cmake-build-debug/CMakeFiles/CMakeTmp/src.c:1: warning: ignoring ‘#pragma  ’ [-Wunknown-pragmas]
    1 | #pragma
      | 
cc1: note: unrecognized command-line option ‘-Wno-unnamed-type-template-args’ may have been intended to silence earlier diagnostics
Linking C executable cmTC_b87ea
/snap/clion/138/bin/cmake/linux/bin/cmake -E cmake_link_script CMakeFiles/cmTC_b87ea.dir/link.txt --verbose=1
/usr/bin/cc   -g    CMakeFiles/cmTC_b87ea.dir/src.c.o  -o cmTC_b87ea 
gmake[1]: Leaving directory '/home/praveen/PycharmProjects/project/camera/cmake-build-debug/CMakeFiles/CMakeTmp'


===== END =====

Build output check failed:
    Regex: 'command[- ]line option .* is valid for .* but not for C'
    Output line: 'cc1: warning: command-line option ‘-fvisibility-inlines-hidden’ is valid for C++/ObjC++ but not for C'
Compilation failed:
    source file: '/home/praveen/PycharmProjects/project/camera/cmake-build-debug/CMakeFiles/CMakeTmp/src.c'
    check option: ' -fsigned-char -W -Wall -Werror=return-type -Werror=address -Werror=sequence-point -Wformat -Werror=format-security -Wmissing-declarations -Wmissing-prototypes -Wstrict-prototypes -Wundef -Winit-self -Wpointer-arith -Wshadow -Wuninitialized -Wno-comment -Wimplicit-fallthrough=3 -Wno-strict-overflow -fdiagnostics-show-option -Wno-long-long -pthread -fomit-frame-pointer -ffunction-sections -fdata-sections  -msse -msse2 -msse3 -fvisibility=hidden  -fvisibility-inlines-hidden'
===== BUILD LOG =====
Change Dir: /home/praveen/PycharmProjects/project/camera/cmake-build-debug/CMakeFiles/CMakeTmp

Run Build Command(s):/usr/bin/gmake cmTC_1817d/fast && /usr/bin/gmake  -f CMakeFiles/cmTC_1817d.dir/build.make CMakeFiles/cmTC_1817d.dir/build
gmake[1]: Entering directory '/home/praveen/PycharmProjects/project/camera/cmake-build-debug/CMakeFiles/CMakeTmp'
Building C object CMakeFiles/cmTC_1817d.dir/src.c.o
/usr/bin/cc   -g -fPIE    -fsigned-char -W -Wall -Werror=return-type -Werror=address -Werror=sequence-point -Wformat -Werror=format-security -Wmissing-declarations -Wmissing-prototypes -Wstrict-prototypes -Wundef -Winit-self -Wpointer-arith -Wshadow -Wuninitialized -Wno-comment -Wimplicit-fallthrough=3 -Wno-strict-overflow -fdiagnostics-show-option -Wno-long-long -pthread -fomit-frame-pointer -ffunction-sections -fdata-sections  -msse -msse2 -msse3 -fvisibility=hidden  -fvisibility-inlines-hidden -o CMakeFiles/cmTC_1817d.dir/src.c.o   -c /home/praveen/PycharmProjects/project/camera/cmake-build-debug/CMakeFiles/CMakeTmp/src.c
cc1: warning: command-line option ‘-fvisibility-inlines-hidden’ is valid for C++/ObjC++ but not for C
/home/praveen/PycharmProjects/project/camera/cmake-build-debug/CMakeFiles/CMakeTmp/src.c:1: warning: ignoring ‘#pragma  ’ [-Wunknown-pragmas]
    1 | #pragma
      | 
Linking C executable cmTC_1817d
/snap/clion/138/bin/cmake/linux/bin/cmake -E cmake_link_script CMakeFiles/cmTC_1817d.dir/link.txt --verbose=1
/usr/bin/cc   -g    CMakeFiles/cmTC_1817d.dir/src.c.o  -o cmTC_1817d 
gmake[1]: Leaving directory '/home/praveen/PycharmProjects/project/camera/cmake-build-debug/CMakeFiles/CMakeTmp'


===== END =====

Build output check failed:
    Regex: 'unrecognized .*option'
    Output line: 'cc1: note: unrecognized command-line option ‘-Wno-implicit-const-int-float-conversion’ may have been intended to silence earlier diagnostics'
Compilation failed:
    source file: '/home/praveen/PycharmProjects/project/camera/cmake-build-debug/CMakeFiles/CMakeTmp/src.c'
    check option: ' -Wno-implicit-const-int-float-conversion'
===== BUILD LOG =====
Change Dir: /home/praveen/PycharmProjects/project/camera/cmake-build-debug/CMakeFiles/CMakeTmp

Run Build Command(s):/usr/bin/gmake cmTC_14ca0/fast && /usr/bin/gmake  -f CMakeFiles/cmTC_14ca0.dir/build.make CMakeFiles/cmTC_14ca0.dir/build
gmake[1]: Entering directory '/home/praveen/PycharmProjects/project/camera/cmake-build-debug/CMakeFiles/CMakeTmp'
Building C object CMakeFiles/cmTC_14ca0.dir/src.c.o
/usr/bin/cc   -fsigned-char -W -Wall -Werror=return-type -Werror=address -Werror=sequence-point -Wformat -Werror=format-security -Wmissing-declarations -Wmissing-prototypes -Wstrict-prototypes -Wundef -Winit-self -Wpointer-arith -Wshadow -Wuninitialized -Wno-comment -Wimplicit-fallthrough=3 -Wno-strict-overflow -fdiagnostics-show-option -Wno-long-long -pthread -fomit-frame-pointer -ffunction-sections -fdata-sections  -msse -msse2 -msse3 -fvisibility=hidden  -g  -O0 -DDEBUG -D_DEBUG -fPIE    -Wno-implicit-const-int-float-conversion -o CMakeFiles/cmTC_14ca0.dir/src.c.o   -c /home/praveen/PycharmProjects/project/camera/cmake-build-debug/CMakeFiles/CMakeTmp/src.c
/home/praveen/PycharmProjects/project/camera/cmake-build-debug/CMakeFiles/CMakeTmp/src.c:1: warning: ignoring ‘#pragma  ’ [-Wunknown-pragmas]
    1 | #pragma
      | 
cc1: note: unrecognized command-line option ‘-Wno-implicit-const-int-float-conversion’ may have been intended to silence earlier diagnostics
Linking C executable cmTC_14ca0
/snap/clion/138/bin/cmake/linux/bin/cmake -E cmake_link_script CMakeFiles/cmTC_14ca0.dir/link.txt --verbose=1
/usr/bin/cc    -fsigned-char -W -Wall -Werror=return-type -Werror=address -Werror=sequence-point -Wformat -Werror=format-security -Wmissing-declarations -Wmissing-prototypes -Wstrict-prototypes -Wundef -Winit-self -Wpointer-arith -Wshadow -Wuninitialized -Wno-comment -Wimplicit-fallthrough=3 -Wno-strict-overflow -fdiagnostics-show-option -Wno-long-long -pthread -fomit-frame-pointer -ffunction-sections -fdata-sections  -msse -msse2 -msse3 -fvisibility=hidden  -g  -O0 -DDEBUG -D_DEBUG    -Wl,--gc-sections -Wl,--as-needed  CMakeFiles/cmTC_14ca0.dir/src.c.o  -o cmTC_14ca0 
gmake[1]: Leaving directory '/home/praveen/PycharmProjects/project/camera/cmake-build-debug/CMakeFiles/CMakeTmp'


===== END =====

Determining if the _aligned_malloc exist failed with the following output:
Change Dir: /home/praveen/PycharmProjects/project/camera/cmake-build-debug/CMakeFiles/CMakeTmp

Run Build Command(s):/usr/bin/gmake cmTC_2ccce/fast && /usr/bin/gmake  -f CMakeFiles/cmTC_2ccce.dir/build.make CMakeFiles/cmTC_2ccce.dir/build
gmake[1]: Entering directory '/home/praveen/PycharmProjects/project/camera/cmake-build-debug/CMakeFiles/CMakeTmp'
Building C object CMakeFiles/cmTC_2ccce.dir/CheckSymbolExists.c.o
/usr/bin/cc   -fsigned-char -W -Wall -Werror=return-type -Werror=address -Werror=sequence-point -Wformat -Werror=format-security -Wmissing-declarations -Wmissing-prototypes -Wstrict-prototypes -Wundef -Winit-self -Wpointer-arith -Wshadow -Wuninitialized -Wno-comment -Wimplicit-fallthrough=3 -Wno-strict-overflow -fdiagnostics-show-option -Wno-long-long -pthread -fomit-frame-pointer -ffunction-sections -fdata-sections  -msse -msse2 -msse3 -fvisibility=hidden  -g  -O0 -DDEBUG -D_DEBUG -fPIE   -o CMakeFiles/cmTC_2ccce.dir/CheckSymbolExists.c.o   -c /home/praveen/PycharmProjects/project/camera/cmake-build-debug/CMakeFiles/CMakeTmp/CheckSymbolExists.c
/home/praveen/PycharmProjects/project/camera/cmake-build-debug/CMakeFiles/CMakeTmp/CheckSymbolExists.c: In function ‘main’:
/home/praveen/PycharmProjects/project/camera/cmake-build-debug/CMakeFiles/CMakeTmp/CheckSymbolExists.c:8:19: error: ‘_aligned_malloc’ undeclared (first use in this function)
    8 |   return ((int*)(&_aligned_malloc))[argc];
      |                   ^~~~~~~~~~~~~~~
/home/praveen/PycharmProjects/project/camera/cmake-build-debug/CMakeFiles/CMakeTmp/CheckSymbolExists.c:8:19: note: each undeclared identifier is reported only once for each function it appears in
/home/praveen/PycharmProjects/project/camera/cmake-build-debug/CMakeFiles/CMakeTmp/CheckSymbolExists.c:4:14: warning: parameter ‘argc’ set but not used [-Wunused-but-set-parameter]
    4 | int main(int argc, char** argv)
      |          ~~~~^~~~
gmake[1]: *** [CMakeFiles/cmTC_2ccce.dir/build.make:86: CMakeFiles/cmTC_2ccce.dir/CheckSymbolExists.c.o] Error 1
gmake[1]: Leaving directory '/home/praveen/PycharmProjects/project/camera/cmake-build-debug/CMakeFiles/CMakeTmp'
gmake: *** [Makefile:141: cmTC_2ccce/fast] Error 2


File /home/praveen/PycharmProjects/project/camera/cmake-build-debug/CMakeFiles/CMakeTmp/CheckSymbolExists.c:
/* */
#include <malloc.h>

int main(int argc, char** argv)
{
  (void)argv;
#ifndef _aligned_malloc
  return ((int*)(&_aligned_malloc))[argc];
#else
  (void)argc;
  return 0;
#endif
}
Determining if the function sgemm_ exists failed with the following output:
Change Dir: /home/praveen/PycharmProjects/project/camera/cmake-build-debug/CMakeFiles/CMakeTmp

Run Build Command(s):/usr/bin/gmake cmTC_57ee1/fast && /usr/bin/gmake  -f CMakeFiles/cmTC_57ee1.dir/build.make CMakeFiles/cmTC_57ee1.dir/build
gmake[1]: Entering directory '/home/praveen/PycharmProjects/project/camera/cmake-build-debug/CMakeFiles/CMakeTmp'
Building C object CMakeFiles/cmTC_57ee1.dir/CheckFunctionExists.c.o
/usr/bin/cc   -fsigned-char -W -Wall -Werror=return-type -Werror=address -Werror=sequence-point -Wformat -Werror=format-security -Wmissing-declarations -Wmissing-prototypes -Wstrict-prototypes -Wundef -Winit-self -Wpointer-arith -Wshadow -Wuninitialized -Wno-comment -Wimplicit-fallthrough=3 -Wno-strict-overflow -fdiagnostics-show-option -Wno-long-long -pthread -fomit-frame-pointer -ffunction-sections -fdata-sections  -msse -msse2 -msse3 -fvisibility=hidden -DCHECK_FUNCTION_EXISTS=sgemm_ -g  -O0 -DDEBUG -D_DEBUG -fPIE   -o CMakeFiles/cmTC_57ee1.dir/CheckFunctionExists.c.o   -c /snap/clion/138/bin/cmake/linux/share/cmake-3.17/Modules/CheckFunctionExists.c
Linking C executable cmTC_57ee1
/snap/clion/138/bin/cmake/linux/bin/cmake -E cmake_link_script CMakeFiles/cmTC_57ee1.dir/link.txt --verbose=1
/usr/bin/cc    -fsigned-char -W -Wall -Werror=return-type -Werror=address -Werror=sequence-point -Wformat -Werror=format-security -Wmissing-declarations -Wmissing-prototypes -Wstrict-prototypes -Wundef -Winit-self -Wpointer-arith -Wshadow -Wuninitialized -Wno-comment -Wimplicit-fallthrough=3 -Wno-strict-overflow -fdiagnostics-show-option -Wno-long-long -pthread -fomit-frame-pointer -ffunction-sections -fdata-sections  -msse -msse2 -msse3 -fvisibility=hidden -DCHECK_FUNCTION_EXISTS=sgemm_ -g  -O0 -DDEBUG -D_DEBUG    -Wl,--gc-sections -Wl,--as-needed  CMakeFiles/cmTC_57ee1.dir/CheckFunctionExists.c.o  -o cmTC_57ee1 
/usr/bin/ld: CMakeFiles/cmTC_57ee1.dir/CheckFunctionExists.c.o: in function `main':
/snap/clion/138/bin/cmake/linux/share/cmake-3.17/Modules/CheckFunctionExists.c:17: undefined reference to `sgemm_'
collect2: error: ld returned 1 exit status
gmake[1]: *** [CMakeFiles/cmTC_57ee1.dir/build.make:107: cmTC_57ee1] Error 1
gmake[1]: Leaving directory '/home/praveen/PycharmProjects/project/camera/cmake-build-debug/CMakeFiles/CMakeTmp'
gmake: *** [Makefile:141: cmTC_57ee1/fast] Error 2



Build output check failed:
    Regex: 'command[- ]line option .* is valid for .* but not for C\+\+'
    Output line: 'cc1plus: warning: command-line option ‘-Wno-missing-prototypes’ is valid for C/ObjC but not for C++'
Compilation failed:
    source file: '/home/praveen/PycharmProjects/project/camera/cmake-build-debug/CMakeFiles/CMakeTmp/src.cxx'
    check option: ' -Wno-missing-prototypes'
===== BUILD LOG =====
Change Dir: /home/praveen/PycharmProjects/project/camera/cmake-build-debug/CMakeFiles/CMakeTmp

Run Build Command(s):/usr/bin/gmake cmTC_a9f1d/fast && /usr/bin/gmake  -f CMakeFiles/cmTC_a9f1d.dir/build.make CMakeFiles/cmTC_a9f1d.dir/build
gmake[1]: Entering directory '/home/praveen/PycharmProjects/project/camera/cmake-build-debug/CMakeFiles/CMakeTmp'
Building CXX object CMakeFiles/cmTC_a9f1d.dir/src.cxx.o
/usr/bin/c++    -fsigned-char -W -Wall -Werror=return-type -Werror=non-virtual-dtor -Werror=address -Werror=sequence-point -Wformat -Werror=format-security -Wmissing-declarations -Wundef -Winit-self -Wpointer-arith -Wshadow -Wsign-promo -Wuninitialized -Wsuggest-override -Wno-delete-non-virtual-dtor -Wno-comment -Wimplicit-fallthrough=3 -Wno-strict-overflow -fdiagnostics-show-option -Wno-long-long -pthread -fomit-frame-pointer -ffunction-sections -fdata-sections  -msse -msse2 -msse3 -fvisibility=hidden -fvisibility-inlines-hidden -Wno-deprecated  -g  -O0 -DDEBUG -D_DEBUG -fPIE    -Wno-missing-prototypes -std=c++14 -o CMakeFiles/cmTC_a9f1d.dir/src.cxx.o -c /home/praveen/PycharmProjects/project/camera/cmake-build-debug/CMakeFiles/CMakeTmp/src.cxx
cc1plus: warning: command-line option ‘-Wno-missing-prototypes’ is valid for C/ObjC but not for C++
/home/praveen/PycharmProjects/project/camera/cmake-build-debug/CMakeFiles/CMakeTmp/src.cxx:1: warning: ignoring ‘#pragma  ’ [-Wunknown-pragmas]
    1 | #pragma
      | 
Linking CXX executable cmTC_a9f1d
/snap/clion/138/bin/cmake/linux/bin/cmake -E cmake_link_script CMakeFiles/cmTC_a9f1d.dir/link.txt --verbose=1
/usr/bin/c++     -fsigned-char -W -Wall -Werror=return-type -Werror=non-virtual-dtor -Werror=address -Werror=sequence-point -Wformat -Werror=format-security -Wmissing-declarations -Wundef -Winit-self -Wpointer-arith -Wshadow -Wsign-promo -Wuninitialized -Wsuggest-override -Wno-delete-non-virtual-dtor -Wno-comment -Wimplicit-fallthrough=3 -Wno-strict-overflow -fdiagnostics-show-option -Wno-long-long -pthread -fomit-frame-pointer -ffunction-sections -fdata-sections  -msse -msse2 -msse3 -fvisibility=hidden -fvisibility-inlines-hidden -Wno-deprecated  -g  -O0 -DDEBUG -D_DEBUG    -Wl,--gc-sections -Wl,--as-needed  CMakeFiles/cmTC_a9f1d.dir/src.cxx.o  -o cmTC_a9f1d 
gmake[1]: Leaving directory '/home/praveen/PycharmProjects/project/camera/cmake-build-debug/CMakeFiles/CMakeTmp'


===== END =====

Build output check failed:
    Regex: 'unrecognized .*option'
    Output line: 'cc1plus: note: unrecognized command-line option ‘-Wno-tautological-undefined-compare’ may have been intended to silence earlier diagnostics'
Compilation failed:
    source file: '/home/praveen/PycharmProjects/project/camera/cmake-build-debug/CMakeFiles/CMakeTmp/src.cxx'
    check option: ' -Wno-tautological-undefined-compare'
===== BUILD LOG =====
Change Dir: /home/praveen/PycharmProjects/project/camera/cmake-build-debug/CMakeFiles/CMakeTmp

Run Build Command(s):/usr/bin/gmake cmTC_c4b2b/fast && /usr/bin/gmake  -f CMakeFiles/cmTC_c4b2b.dir/build.make CMakeFiles/cmTC_c4b2b.dir/build
gmake[1]: Entering directory '/home/praveen/PycharmProjects/project/camera/cmake-build-debug/CMakeFiles/CMakeTmp'
Building CXX object CMakeFiles/cmTC_c4b2b.dir/src.cxx.o
/usr/bin/c++    -fsigned-char -W -Wall -Werror=return-type -Werror=non-virtual-dtor -Werror=address -Werror=sequence-point -Wformat -Werror=format-security -Winit-self -Wpointer-arith -Wuninitialized -Wsuggest-override -Wno-delete-non-virtual-dtor -Wno-comment -Wimplicit-fallthrough=3 -Wno-strict-overflow -fdiagnostics-show-option -Wno-long-long -pthread -fomit-frame-pointer -ffunction-sections -fdata-sections  -msse -msse2 -msse3 -fvisibility=hidden -fvisibility-inlines-hidden -Wno-deprecated -Wno-missing-declarations -Wno-shadow -Wno-unused-parameter -Wno-unused-local-typedefs -Wno-sign-compare -Wno-sign-promo -Wno-undef  -g  -O0 -DDEBUG -D_DEBUG -fPIE    -Wno-tautological-undefined-compare -std=c++14 -o CMakeFiles/cmTC_c4b2b.dir/src.cxx.o -c /home/praveen/PycharmProjects/project/camera/cmake-build-debug/CMakeFiles/CMakeTmp/src.cxx
/home/praveen/PycharmProjects/project/camera/cmake-build-debug/CMakeFiles/CMakeTmp/src.cxx:1: warning: ignoring ‘#pragma  ’ [-Wunknown-pragmas]
    1 | #pragma
      | 
cc1plus: note: unrecognized command-line option ‘-Wno-tautological-undefined-compare’ may have been intended to silence earlier diagnostics
Linking CXX executable cmTC_c4b2b
/snap/clion/138/bin/cmake/linux/bin/cmake -E cmake_link_script CMakeFiles/cmTC_c4b2b.dir/link.txt --verbose=1
/usr/bin/c++     -fsigned-char -W -Wall -Werror=return-type -Werror=non-virtual-dtor -Werror=address -Werror=sequence-point -Wformat -Werror=format-security -Winit-self -Wpointer-arith -Wuninitialized -Wsuggest-override -Wno-delete-non-virtual-dtor -Wno-comment -Wimplicit-fallthrough=3 -Wno-strict-overflow -fdiagnostics-show-option -Wno-long-long -pthread -fomit-frame-pointer -ffunction-sections -fdata-sections  -msse -msse2 -msse3 -fvisibility=hidden -fvisibility-inlines-hidden -Wno-deprecated -Wno-missing-declarations -Wno-shadow -Wno-unused-parameter -Wno-unused-local-typedefs -Wno-sign-compare -Wno-sign-promo -Wno-undef  -g  -O0 -DDEBUG -D_DEBUG    -Wl,--gc-sections -Wl,--as-needed  CMakeFiles/cmTC_c4b2b.dir/src.cxx.o  -o cmTC_c4b2b 
gmake[1]: Leaving directory '/home/praveen/PycharmProjects/project/camera/cmake-build-debug/CMakeFiles/CMakeTmp'


===== END =====

Build output check failed:
    Regex: 'unrecognized .*option'
    Output line: 'cc1plus: note: unrecognized command-line option ‘-Wno-shorten-64-to-32’ may have been intended to silence earlier diagnostics'
Compilation failed:
    source file: '/home/praveen/PycharmProjects/project/camera/cmake-build-debug/CMakeFiles/CMakeTmp/src.cxx'
    check option: ' -Wno-shorten-64-to-32'
===== BUILD LOG =====
Change Dir: /home/praveen/PycharmProjects/project/camera/cmake-build-debug/CMakeFiles/CMakeTmp

Run Build Command(s):/usr/bin/gmake cmTC_b48a4/fast && /usr/bin/gmake  -f CMakeFiles/cmTC_b48a4.dir/build.make CMakeFiles/cmTC_b48a4.dir/build
gmake[1]: Entering directory '/home/praveen/PycharmProjects/project/camera/cmake-build-debug/CMakeFiles/CMakeTmp'
Building CXX object CMakeFiles/cmTC_b48a4.dir/src.cxx.o
/usr/bin/c++    -fsigned-char -W -Wall -Werror=return-type -Werror=non-virtual-dtor -Werror=address -Werror=sequence-point -Wformat -Werror=format-security -Winit-self -Wpointer-arith -Wuninitialized -Wsuggest-override -Wno-delete-non-virtual-dtor -Wno-comment -Wimplicit-fallthrough=3 -Wno-strict-overflow -fdiagnostics-show-option -Wno-long-long -pthread -fomit-frame-pointer -ffunction-sections -fdata-sections  -msse -msse2 -msse3 -fvisibility=hidden -fvisibility-inlines-hidden -Wno-deprecated -Wno-missing-declarations -Wno-shadow -Wno-unused-parameter -Wno-unused-local-typedefs -Wno-sign-compare -Wno-sign-promo -Wno-undef -Wno-ignored-qualifiers -Wno-extra -Wno-unused-function -Wno-unused-const-variable  -g  -O0 -DDEBUG -D_DEBUG -fPIE    -Wno-shorten-64-to-32 -std=c++14 -o CMakeFiles/cmTC_b48a4.dir/src.cxx.o -c /home/praveen/PycharmProjects/project/camera/cmake-build-debug/CMakeFiles/CMakeTmp/src.cxx
/home/praveen/PycharmProjects/project/camera/cmake-build-debug/CMakeFiles/CMakeTmp/src.cxx:1: warning: ignoring ‘#pragma  ’ [-Wunknown-pragmas]
    1 | #pragma
      | 
cc1plus: note: unrecognized command-line option ‘-Wno-shorten-64-to-32’ may have been intended to silence earlier diagnostics
Linking CXX executable cmTC_b48a4
/snap/clion/138/bin/cmake/linux/bin/cmake -E cmake_link_script CMakeFiles/cmTC_b48a4.dir/link.txt --verbose=1
/usr/bin/c++     -fsigned-char -W -Wall -Werror=return-type -Werror=non-virtual-dtor -Werror=address -Werror=sequence-point -Wformat -Werror=format-security -Winit-self -Wpointer-arith -Wuninitialized -Wsuggest-override -Wno-delete-non-virtual-dtor -Wno-comment -Wimplicit-fallthrough=3 -Wno-strict-overflow -fdiagnostics-show-option -Wno-long-long -pthread -fomit-frame-pointer -ffunction-sections -fdata-sections  -msse -msse2 -msse3 -fvisibility=hidden -fvisibility-inlines-hidden -Wno-deprecated -Wno-missing-declarations -Wno-shadow -Wno-unused-parameter -Wno-unused-local-typedefs -Wno-sign-compare -Wno-sign-promo -Wno-undef -Wno-ignored-qualifiers -Wno-extra -Wno-unused-function -Wno-unused-const-variable  -g  -O0 -DDEBUG -D_DEBUG    -Wl,--gc-sections -Wl,--as-needed  CMakeFiles/cmTC_b48a4.dir/src.cxx.o  -o cmTC_b48a4 
gmake[1]: Leaving directory '/home/praveen/PycharmProjects/project/camera/cmake-build-debug/CMakeFiles/CMakeTmp'


===== END =====

Build output check failed:
    Regex: 'unrecognized .*option'
    Output line: 'cc1plus: note: unrecognized command-line option ‘-Wno-enum-compare-switch’ may have been intended to silence earlier diagnostics'
Compilation failed:
    source file: '/home/praveen/PycharmProjects/project/camera/cmake-build-debug/CMakeFiles/CMakeTmp/src.cxx'
    check option: ' -Wno-enum-compare-switch'
===== BUILD LOG =====
Change Dir: /home/praveen/PycharmProjects/project/camera/cmake-build-debug/CMakeFiles/CMakeTmp

Run Build Command(s):/usr/bin/gmake cmTC_964db/fast && /usr/bin/gmake  -f CMakeFiles/cmTC_964db.dir/build.make CMakeFiles/cmTC_964db.dir/build
gmake[1]: Entering directory '/home/praveen/PycharmProjects/project/camera/cmake-build-debug/CMakeFiles/CMakeTmp'
Building CXX object CMakeFiles/cmTC_964db.dir/src.cxx.o
/usr/bin/c++    -fsigned-char -W -Wall -Werror=return-type -Werror=non-virtual-dtor -Werror=address -Werror=sequence-point -Wformat -Werror=format-security -Winit-self -Wpointer-arith -Wuninitialized -Wsuggest-override -Wno-delete-non-virtual-dtor -Wno-comment -Wimplicit-fallthrough=3 -Wno-strict-overflow -fdiagnostics-show-option -Wno-long-long -pthread -fomit-frame-pointer -ffunction-sections -fdata-sections  -msse -msse2 -msse3 -fvisibility=hidden -fvisibility-inlines-hidden -Wno-deprecated -Wno-missing-declarations -Wno-shadow -Wno-unused-parameter -Wno-unused-local-typedefs -Wno-sign-compare -Wno-sign-promo -Wno-undef -Wno-ignored-qualifiers -Wno-extra -Wno-unused-function -Wno-unused-const-variable -Wno-invalid-offsetof  -g  -O0 -DDEBUG -D_DEBUG -fPIE    -Wno-enum-compare-switch -std=c++14 -o CMakeFiles/cmTC_964db.dir/src.cxx.o -c /home/praveen/PycharmProjects/project/camera/cmake-build-debug/CMakeFiles/CMakeTmp/src.cxx
/home/praveen/PycharmProjects/project/camera/cmake-build-debug/CMakeFiles/CMakeTmp/src.cxx:1: warning: ignoring ‘#pragma  ’ [-Wunknown-pragmas]
    1 | #pragma
      | 
cc1plus: note: unrecognized command-line option ‘-Wno-enum-compare-switch’ may have been intended to silence earlier diagnostics
Linking CXX executable cmTC_964db
/snap/clion/138/bin/cmake/linux/bin/cmake -E cmake_link_script CMakeFiles/cmTC_964db.dir/link.txt --verbose=1
/usr/bin/c++     -fsigned-char -W -Wall -Werror=return-type -Werror=non-virtual-dtor -Werror=address -Werror=sequence-point -Wformat -Werror=format-security -Winit-self -Wpointer-arith -Wuninitialized -Wsuggest-override -Wno-delete-non-virtual-dtor -Wno-comment -Wimplicit-fallthrough=3 -Wno-strict-overflow -fdiagnostics-show-option -Wno-long-long -pthread -fomit-frame-pointer -ffunction-sections -fdata-sections  -msse -msse2 -msse3 -fvisibility=hidden -fvisibility-inlines-hidden -Wno-deprecated -Wno-missing-declarations -Wno-shadow -Wno-unused-parameter -Wno-unused-local-typedefs -Wno-sign-compare -Wno-sign-promo -Wno-undef -Wno-ignored-qualifiers -Wno-extra -Wno-unused-function -Wno-unused-const-variable -Wno-invalid-offsetof  -g  -O0 -DDEBUG -D_DEBUG    -Wl,--gc-sections -Wl,--as-needed  CMakeFiles/cmTC_964db.dir/src.cxx.o  -o cmTC_964db 
gmake[1]: Leaving directory '/home/praveen/PycharmProjects/project/camera/cmake-build-debug/CMakeFiles/CMakeTmp'


===== END =====

Build output check failed:
    Regex: 'unrecognized .*option'
    Output line: 'cc1plus: note: unrecognized command-line option ‘-Wno-inconsistent-missing-override’ may have been intended to silence earlier diagnostics'
Compilation failed:
    source file: '/home/praveen/PycharmProjects/project/camera/cmake-build-debug/CMakeFiles/CMakeTmp/src.cxx'
    check option: ' -Wno-inconsistent-missing-override'
===== BUILD LOG =====
Change Dir: /home/praveen/PycharmProjects/project/camera/cmake-build-debug/CMakeFiles/CMakeTmp

Run Build Command(s):/usr/bin/gmake cmTC_c3e93/fast && /usr/bin/gmake  -f CMakeFiles/cmTC_c3e93.dir/build.make CMakeFiles/cmTC_c3e93.dir/build
gmake[1]: Entering directory '/home/praveen/PycharmProjects/project/camera/cmake-build-debug/CMakeFiles/CMakeTmp'
Building CXX object CMakeFiles/cmTC_c3e93.dir/src.cxx.o
/usr/bin/c++    -fsigned-char -W -Wall -Werror=return-type -Werror=non-virtual-dtor -Werror=address -Werror=sequence-point -Wformat -Werror=format-security -Winit-self -Wpointer-arith -Wuninitialized -Wno-delete-non-virtual-dtor -Wno-comment -Wimplicit-fallthrough=3 -Wno-strict-overflow -fdiagnostics-show-option -Wno-long-long -pthread -fomit-frame-pointer -ffunction-sections -fdata-sections  -msse -msse2 -msse3 -fvisibility=hidden -fvisibility-inlines-hidden -Wno-deprecated -Wno-missing-declarations -Wno-shadow -Wno-unused-parameter -Wno-unused-local-typedefs -Wno-sign-compare -Wno-sign-promo -Wno-undef -Wno-ignored-qualifiers -Wno-extra -Wno-unused-function -Wno-unused-const-variable -Wno-invalid-offsetof -Wno-suggest-override  -g  -O0 -DDEBUG -D_DEBUG -fPIE    -Wno-inconsistent-missing-override -std=c++14 -o CMakeFiles/cmTC_c3e93.dir/src.cxx.o -c /home/praveen/PycharmProjects/project/camera/cmake-build-debug/CMakeFiles/CMakeTmp/src.cxx
/home/praveen/PycharmProjects/project/camera/cmake-build-debug/CMakeFiles/CMakeTmp/src.cxx:1: warning: ignoring ‘#pragma  ’ [-Wunknown-pragmas]
    1 | #pragma
      | 
cc1plus: note: unrecognized command-line option ‘-Wno-inconsistent-missing-override’ may have been intended to silence earlier diagnostics
Linking CXX executable cmTC_c3e93
/snap/clion/138/bin/cmake/linux/bin/cmake -E cmake_link_script CMakeFiles/cmTC_c3e93.dir/link.txt --verbose=1
/usr/bin/c++     -fsigned-char -W -Wall -Werror=return-type -Werror=non-virtual-dtor -Werror=address -Werror=sequence-point -Wformat -Werror=format-security -Winit-self -Wpointer-arith -Wuninitialized -Wno-delete-non-virtual-dtor -Wno-comment -Wimplicit-fallthrough=3 -Wno-strict-overflow -fdiagnostics-show-option -Wno-long-long -pthread -fomit-frame-pointer -ffunction-sections -fdata-sections  -msse -msse2 -msse3 -fvisibility=hidden -fvisibility-inlines-hidden -Wno-deprecated -Wno-missing-declarations -Wno-shadow -Wno-unused-parameter -Wno-unused-local-typedefs -Wno-sign-compare -Wno-sign-promo -Wno-undef -Wno-ignored-qualifiers -Wno-extra -Wno-unused-function -Wno-unused-const-variable -Wno-invalid-offsetof -Wno-suggest-override  -g  -O0 -DDEBUG -D_DEBUG    -Wl,--gc-sections -Wl,--as-needed  CMakeFiles/cmTC_c3e93.dir/src.cxx.o  -o cmTC_c3e93 
gmake[1]: Leaving directory '/home/praveen/PycharmProjects/project/camera/cmake-build-debug/CMakeFiles/CMakeTmp'


===== END =====

Determining if the include file sys/videoio.h exists failed with the following output:
Change Dir: /home/praveen/PycharmProjects/project/camera/cmake-build-debug/CMakeFiles/CMakeTmp

Run Build Command(s):/usr/bin/gmake cmTC_16ca6/fast && /usr/bin/gmake  -f CMakeFiles/cmTC_16ca6.dir/build.make CMakeFiles/cmTC_16ca6.dir/build
gmake[1]: Entering directory '/home/praveen/PycharmProjects/project/camera/cmake-build-debug/CMakeFiles/CMakeTmp'
Building C object CMakeFiles/cmTC_16ca6.dir/CheckIncludeFile.c.o
/usr/bin/cc   -fsigned-char -W -Wall -Werror=return-type -Werror=address -Werror=sequence-point -Wformat -Werror=format-security -Wmissing-declarations -Wmissing-prototypes -Wstrict-prototypes -Wundef -Winit-self -Wpointer-arith -Wshadow -Wuninitialized -Wno-comment -Wimplicit-fallthrough=3 -Wno-strict-overflow -fdiagnostics-show-option -Wno-long-long -pthread -fomit-frame-pointer -ffunction-sections -fdata-sections  -msse -msse2 -msse3 -fvisibility=hidden  -g  -O0 -DDEBUG -D_DEBUG -fPIE   -o CMakeFiles/cmTC_16ca6.dir/CheckIncludeFile.c.o   -c /home/praveen/PycharmProjects/project/camera/cmake-build-debug/CMakeFiles/CMakeTmp/CheckIncludeFile.c
/home/praveen/PycharmProjects/project/camera/cmake-build-debug/CMakeFiles/CMakeTmp/CheckIncludeFile.c:1:10: fatal error: sys/videoio.h: No such file or directory
    1 | #include <sys/videoio.h>
      |          ^~~~~~~~~~~~~~~
compilation terminated.
gmake[1]: *** [CMakeFiles/cmTC_16ca6.dir/build.make:86: CMakeFiles/cmTC_16ca6.dir/CheckIncludeFile.c.o] Error 1
gmake[1]: Leaving directory '/home/praveen/PycharmProjects/project/camera/cmake-build-debug/CMakeFiles/CMakeTmp'
gmake: *** [Makefile:141: cmTC_16ca6/fast] Error 2



Build output check failed:
    Regex: 'unrecognized .*option'
    Output line: 'cc1plus: note: unrecognized command-line option ‘-Wno-unused-private-field’ may have been intended to silence earlier diagnostics'
Compilation failed:
    source file: '/home/praveen/PycharmProjects/project/camera/cmake-build-debug/CMakeFiles/CMakeTmp/src.cxx'
    check option: ' -Wno-unused-private-field'
===== BUILD LOG =====
Change Dir: /home/praveen/PycharmProjects/project/camera/cmake-build-debug/CMakeFiles/CMakeTmp

Run Build Command(s):/usr/bin/gmake cmTC_9ddfc/fast && /usr/bin/gmake  -f CMakeFiles/cmTC_9ddfc.dir/build.make CMakeFiles/cmTC_9ddfc.dir/build
gmake[1]: Entering directory '/home/praveen/PycharmProjects/project/camera/cmake-build-debug/CMakeFiles/CMakeTmp'
Building CXX object CMakeFiles/cmTC_9ddfc.dir/src.cxx.o
/usr/bin/c++    -fsigned-char -W -Wall -Werror=return-type -Werror=non-virtual-dtor -Werror=address -Werror=sequence-point -Wformat -Werror=format-security -Wmissing-declarations -Wundef -Winit-self -Wpointer-arith -Wshadow -Wsign-promo -Wuninitialized -Wsuggest-override -Wno-delete-non-virtual-dtor -Wno-comment -Wimplicit-fallthrough=3 -Wno-strict-overflow -fdiagnostics-show-option -Wno-long-long -pthread -fomit-frame-pointer -ffunction-sections -fdata-sections  -msse -msse2 -msse3 -fvisibility=hidden -fvisibility-inlines-hidden -Wno-unused-function -Wno-deprecated-declarations -Wno-overloaded-virtual  -g  -O0 -DDEBUG -D_DEBUG -fPIE    -Wno-unused-private-field -std=c++14 -o CMakeFiles/cmTC_9ddfc.dir/src.cxx.o -c /home/praveen/PycharmProjects/project/camera/cmake-build-debug/CMakeFiles/CMakeTmp/src.cxx
/home/praveen/PycharmProjects/project/camera/cmake-build-debug/CMakeFiles/CMakeTmp/src.cxx:1: warning: ignoring ‘#pragma  ’ [-Wunknown-pragmas]
    1 | #pragma
      | 
cc1plus: note: unrecognized command-line option ‘-Wno-unused-private-field’ may have been intended to silence earlier diagnostics
Linking CXX executable cmTC_9ddfc
/snap/clion/138/bin/cmake/linux/bin/cmake -E cmake_link_script CMakeFiles/cmTC_9ddfc.dir/link.txt --verbose=1
/usr/bin/c++     -fsigned-char -W -Wall -Werror=return-type -Werror=non-virtual-dtor -Werror=address -Werror=sequence-point -Wformat -Werror=format-security -Wmissing-declarations -Wundef -Winit-self -Wpointer-arith -Wshadow -Wsign-promo -Wuninitialized -Wsuggest-override -Wno-delete-non-virtual-dtor -Wno-comment -Wimplicit-fallthrough=3 -Wno-strict-overflow -fdiagnostics-show-option -Wno-long-long -pthread -fomit-frame-pointer -ffunction-sections -fdata-sections  -msse -msse2 -msse3 -fvisibility=hidden -fvisibility-inlines-hidden -Wno-unused-function -Wno-deprecated-declarations -Wno-overloaded-virtual  -g  -O0 -DDEBUG -D_DEBUG    -Wl,--gc-sections -Wl,--as-needed  CMakeFiles/cmTC_9ddfc.dir/src.cxx.o  -o cmTC_9ddfc 
gmake[1]: Leaving directory '/home/praveen/PycharmProjects/project/camera/cmake-build-debug/CMakeFiles/CMakeTmp'


===== END =====

